2024-05-15 16:17:05,415 - log -INFO -  Expected OrangeHrm Login Page text is -LOGIN Panel
2024-05-15 16:17:05,454 - log -INFO -  Actual Orangehrm Login Page text is - LOGIN Panel
2024-05-15 16:17:05,458 - log -INFO -  Successfully Navigated to the OrangeHRM Application LogIN Page - TEXT Found - PASS 
2024-05-15 16:17:05,479 - log -INFO -  Expected OrangeHrm Login Page title is - orangeHRM
2024-05-15 16:17:05,486 - log -INFO -  Actual OrangeHrm Login Page title is -OrangeHRM
2024-05-15 16:17:05,488 - log -INFO -  Failed to Navigate to the OrangeHRM Application LogIN Page - FAIL 
2024-05-15 16:17:05,491 - log -INFO -  The Expected URL address of the OrangeHRM Application LogIN Page is :- orangehrm-4.2.0.1
2024-05-15 16:17:05,497 - log -INFO -  The Actual URL address of the OrangeHRM Application LogIN Page is :- http://127.0.0.1/orangehrm-4.2.0.1/symfony/web/index.php/dashboard
2024-05-15 16:17:05,498 - log -INFO -  Successfully Navigated to the OrangeHRM Application LogIN Page - PASS 
2024-05-15 16:17:10,413 - log -INFO - Actual OrangeHrm Home Page Text - Welcome Admin
2024-05-15 16:17:10,417 - log -INFO - Expected  Home Page text is - Admin
2024-05-15 16:17:10,420 - log -INFO -  Successfully Navigated to the OrangeHRM Application Home Page - PASS 
2024-05-15 16:17:14,165 - log -INFO -  Expected text of Add Employe page is - Full Name
2024-05-15 16:17:14,192 - log -INFO -  Actual text of Add Employe page is - Full Name
2024-05-15 16:17:14,195 - log -INFO -  Successfully Navigated to the OrangeHRM Application ADD Employe Page -TEXT  Found - PASS 
2024-05-15 16:17:14,267 - log -INFO - Expected orangeHRM Add Employe Page Employe First name - Srini01
2024-05-15 16:17:14,346 - log -INFO - Expected orangeHRM Add Employe Page Employe Meddle name - Hello01
2024-05-15 16:17:14,425 - log -INFO - Expected OrangeHrm Add Employe Page Employe Last name - Chello01
2024-05-15 16:17:14,477 - log -INFO - Expected OrangeHrm Add Employe Page Employe  id - 0014
2024-05-15 16:17:16,224 - log -INFO - Expected Personal details page text is - Full Name
2024-05-15 16:17:16,253 - log -INFO - Actual Personal details page Text is - Full Name
2024-05-15 16:17:21,261 - log -INFO - The Actual personal details page Text is matched with Expected personal details page Text- PASS
2024-05-15 16:17:21,301 - log -INFO - Actual OrangeHrm Add Employe First name is - Srini01
2024-05-15 16:17:21,344 - log -INFO - Actua OrangeHrm Add Employe page employe Meddle name isHello01
2024-05-15 16:17:21,393 - log -INFO - Actua OrangeHrm Add Employe page employe last name is - Chello01
2024-05-15 16:17:26,458 - log -INFO - Actual OrangrHrm Add Employe page Employe Id is - 0014
2024-05-15 16:17:26,475 - log -INFO - The Actual FirstName is matched with Expected FirstName- PASS
2024-05-15 16:17:26,479 - log -INFO - The Actual MeddleName is matched with Expected MeddleNameame - PASS
2024-05-15 16:17:26,482 - log -INFO - The Actual LastName is matched with Expected LastName - PASS
2024-05-15 16:17:26,505 - log -INFO - The Actual EmployeId is matched with Expected EmployeId - PASS
2024-05-15 16:17:26,823 - log -INFO -  Expected text of Add Employe page is - Full Name
2024-05-15 16:17:26,862 - log -INFO -  Actual text of Add Employe page is - Full Name
2024-05-15 16:17:26,865 - log -INFO -  Successfully Navigated to the OrangeHRM Application ADD Employe Page -TEXT  Found - PASS 
2024-05-15 16:17:26,938 - log -INFO - Expected orangeHRM Add Employe Page Employe First name - Ram02
2024-05-15 16:17:27,018 - log -INFO - Expected orangeHRM Add Employe Page Employe Meddle name - HEllo02
2024-05-15 16:17:27,103 - log -INFO - Expected OrangeHrm Add Employe Page Employe Last name - Chello02
2024-05-15 16:17:27,133 - log -INFO - Expected OrangeHrm Add Employe Page Employe  id - 0015
2024-05-15 16:17:27,968 - log -INFO - Expected Personal details page text is - Full Name
2024-05-15 16:17:28,000 - log -INFO - Actual Personal details page Text is - Full Name
2024-05-15 16:17:33,011 - log -INFO - The Actual personal details page Text is matched with Expected personal details page Text- PASS
2024-05-15 16:17:33,046 - log -INFO - Actual OrangeHrm Add Employe First name is - Ram02
2024-05-15 16:17:33,077 - log -INFO - Actua OrangeHrm Add Employe page employe Meddle name isHEllo02
2024-05-15 16:17:33,108 - log -INFO - Actua OrangeHrm Add Employe page employe last name is - Chello02
2024-05-15 16:17:38,166 - log -INFO - Actual OrangrHrm Add Employe page Employe Id is - 0015
2024-05-15 16:17:38,184 - log -INFO - The Actual FirstName is matched with Expected FirstName- PASS
2024-05-15 16:17:38,186 - log -INFO - The Actual MeddleName is matched with Expected MeddleNameame - PASS
2024-05-15 16:17:38,189 - log -INFO - The Actual LastName is matched with Expected LastName - PASS
2024-05-15 16:17:38,215 - log -INFO - The Actual EmployeId is matched with Expected EmployeId - PASS
2024-05-15 16:17:38,543 - log -INFO -  Expected text of Add Employe page is - Full Name
2024-05-15 16:17:38,567 - log -INFO -  Actual text of Add Employe page is - Full Name
2024-05-15 16:17:38,569 - log -INFO -  Successfully Navigated to the OrangeHRM Application ADD Employe Page -TEXT  Found - PASS 
2024-05-15 16:17:38,634 - log -INFO - Expected orangeHRM Add Employe Page Employe First name - Raj03
2024-05-15 16:17:38,710 - log -INFO - Expected orangeHRM Add Employe Page Employe Meddle name - Hello03
2024-05-15 16:17:38,790 - log -INFO - Expected OrangeHrm Add Employe Page Employe Last name - Chello03
2024-05-15 16:17:38,825 - log -INFO - Expected OrangeHrm Add Employe Page Employe  id - 0016
2024-05-15 16:17:39,816 - log -INFO - Expected Personal details page text is - Full Name
2024-05-15 16:17:39,852 - log -INFO - Actual Personal details page Text is - Full Name
2024-05-15 16:17:44,867 - log -INFO - The Actual personal details page Text is matched with Expected personal details page Text- PASS
2024-05-15 16:17:44,905 - log -INFO - Actual OrangeHrm Add Employe First name is - Raj03
2024-05-15 16:17:44,935 - log -INFO - Actua OrangeHrm Add Employe page employe Meddle name isHello03
2024-05-15 16:17:44,964 - log -INFO - Actua OrangeHrm Add Employe page employe last name is - Chello03
2024-05-15 16:17:50,026 - log -INFO - Actual OrangrHrm Add Employe page Employe Id is - 0016
2024-05-15 16:17:50,040 - log -INFO - The Actual FirstName is matched with Expected FirstName- PASS
2024-05-15 16:17:50,041 - log -INFO - The Actual MeddleName is matched with Expected MeddleNameame - PASS
2024-05-15 16:17:50,043 - log -INFO - The Actual LastName is matched with Expected LastName - PASS
2024-05-15 16:17:50,055 - log -INFO - The Actual EmployeId is matched with Expected EmployeId - PASS
2024-05-15 16:17:55,710 - log -INFO -  Expected OrangeHrm Login Page text is -LOGIN Panel
2024-05-15 16:17:55,732 - log -INFO -  Actual Orangehrm Login Page text is - LOGIN Panel
2024-05-15 16:17:55,734 - log -INFO -  Successfully Navigated to the OrangeHRM Application LogIN Page - TEXT Found - PASS 
2024-05-16 16:01:01,186 - log -INFO -  Expected OrangeHrm Login Page text is -LOGIN Panel
2024-05-16 16:01:01,252 - log -INFO -  Actual Orangehrm Login Page text is - LOGIN Panel
2024-05-16 16:01:01,259 - log -INFO -  Successfully Navigated to the OrangeHRM Application LogIN Page - TEXT Found - PASS 
2024-05-16 16:01:01,304 - log -INFO -  Expected OrangeHrm Login Page title is - orangeHRM
2024-05-16 16:01:01,320 - log -INFO -  Actual OrangeHrm Login Page title is -OrangeHRM
2024-05-16 16:01:01,326 - log -INFO -  Failed to Navigate to the OrangeHRM Application LogIN Page - FAIL 
2024-05-16 16:01:01,336 - log -INFO -  The Expected URL address of the OrangeHRM Application LogIN Page is :- orangehrm-4.2.0.1
2024-05-16 16:01:01,352 - log -INFO -  The Actual URL address of the OrangeHRM Application LogIN Page is :- http://127.0.0.1/orangehrm-4.2.0.1/symfony/web/index.php/dashboard
2024-05-16 16:01:01,356 - log -INFO -  Successfully Navigated to the OrangeHRM Application LogIN Page - PASS 
2024-05-16 16:01:08,127 - log -INFO - Actual OrangeHrm Home Page Text - Welcome Admin
2024-05-16 16:01:08,130 - log -INFO - Expected  Home Page text is - Admin
2024-05-16 16:01:08,133 - log -INFO -  Successfully Navigated to the OrangeHRM Application Home Page - PASS 
2024-05-16 16:01:13,107 - log -INFO -  Expected text of Add Employe page is - Full Name
2024-05-16 16:01:13,150 - log -INFO -  Actual text of Add Employe page is - Full Name
2024-05-16 16:01:13,154 - log -INFO -  Successfully Navigated to the OrangeHRM Application ADD Employe Page -TEXT  Found - PASS 
2024-05-16 16:01:13,255 - log -INFO - Expected orangeHRM Add Employe Page Employe First name - Srini01
2024-05-16 16:01:13,370 - log -INFO - Expected orangeHRM Add Employe Page Employe Meddle name - Hello01
2024-05-16 16:01:13,532 - log -INFO - Expected OrangeHrm Add Employe Page Employe Last name - Chello01
2024-05-16 16:01:13,597 - log -INFO - Expected OrangeHrm Add Employe Page Employe  id - 0017
2024-05-16 16:01:15,975 - log -INFO - Expected Personal details page text is - Full Name
2024-05-16 16:01:16,015 - log -INFO - Actual Personal details page Text is - Full Name
2024-05-16 16:01:21,031 - log -INFO - The Actual personal details page Text is matched with Expected personal details page Text- PASS
2024-05-16 16:01:21,101 - log -INFO - Actual OrangeHrm Add Employe First name is - Srini01
2024-05-16 16:01:21,148 - log -INFO - Actua OrangeHrm Add Employe page employe Meddle name isHello01
2024-05-16 16:01:21,177 - log -INFO - Actua OrangeHrm Add Employe page employe last name is - Chello01
2024-05-16 16:01:26,279 - log -INFO - Actual OrangrHrm Add Employe page Employe Id is - 0017
2024-05-16 16:01:26,310 - log -INFO - The Actual FirstName is matched with Expected FirstName- PASS
2024-05-16 16:01:26,314 - log -INFO - The Actual MeddleName is matched with Expected MeddleNameame - PASS
2024-05-16 16:01:26,318 - log -INFO - The Actual LastName is matched with Expected LastName - PASS
2024-05-16 16:01:26,342 - log -INFO - The Actual EmployeId is matched with Expected EmployeId - PASS
2024-05-16 16:01:26,835 - log -INFO -  Expected text of Add Employe page is - Full Name
2024-05-16 16:01:26,875 - log -INFO -  Actual text of Add Employe page is - Full Name
2024-05-16 16:01:26,879 - log -INFO -  Successfully Navigated to the OrangeHRM Application ADD Employe Page -TEXT  Found - PASS 
2024-05-16 16:01:26,972 - log -INFO - Expected orangeHRM Add Employe Page Employe First name - Ram02
2024-05-16 16:01:27,075 - log -INFO - Expected orangeHRM Add Employe Page Employe Meddle name - HEllo02
2024-05-16 16:01:27,207 - log -INFO - Expected OrangeHrm Add Employe Page Employe Last name - Chello02
2024-05-16 16:01:27,250 - log -INFO - Expected OrangeHrm Add Employe Page Employe  id - 0018
2024-05-16 16:01:28,444 - log -INFO - Expected Personal details page text is - Full Name
2024-05-16 16:01:28,497 - log -INFO - Actual Personal details page Text is - Full Name
2024-05-16 16:01:33,515 - log -INFO - The Actual personal details page Text is matched with Expected personal details page Text- PASS
2024-05-16 16:01:33,575 - log -INFO - Actual OrangeHrm Add Employe First name is - Ram02
2024-05-16 16:01:33,637 - log -INFO - Actua OrangeHrm Add Employe page employe Meddle name isHEllo02
2024-05-16 16:01:33,704 - log -INFO - Actua OrangeHrm Add Employe page employe last name is - Chello02
2024-05-16 16:01:38,821 - log -INFO - Actual OrangrHrm Add Employe page Employe Id is - 0018
2024-05-16 16:01:38,854 - log -INFO - The Actual FirstName is matched with Expected FirstName- PASS
2024-05-16 16:01:38,860 - log -INFO - The Actual MeddleName is matched with Expected MeddleNameame - PASS
2024-05-16 16:01:38,866 - log -INFO - The Actual LastName is matched with Expected LastName - PASS
2024-05-16 16:01:38,898 - log -INFO - The Actual EmployeId is matched with Expected EmployeId - PASS
2024-05-16 16:01:39,761 - log -INFO -  Expected text of Add Employe page is - Full Name
2024-05-16 16:01:39,806 - log -INFO -  Actual text of Add Employe page is - Full Name
2024-05-16 16:01:39,811 - log -INFO -  Successfully Navigated to the OrangeHRM Application ADD Employe Page -TEXT  Found - PASS 
2024-05-16 16:01:39,998 - log -INFO - Expected orangeHRM Add Employe Page Employe First name - Raj03
2024-05-16 16:01:40,203 - log -INFO - Expected orangeHRM Add Employe Page Employe Meddle name - Hello03
2024-05-16 16:01:40,403 - log -INFO - Expected OrangeHrm Add Employe Page Employe Last name - Chello03
2024-05-16 16:01:40,458 - log -INFO - Expected OrangeHrm Add Employe Page Employe  id - 0019
2024-05-16 16:01:41,734 - log -INFO - Expected Personal details page text is - Full Name
2024-05-16 16:01:41,772 - log -INFO - Actual Personal details page Text is - Full Name
2024-05-16 16:01:46,775 - log -INFO - The Actual personal details page Text is matched with Expected personal details page Text- PASS
2024-05-16 16:01:46,815 - log -INFO - Actual OrangeHrm Add Employe First name is - Raj03
2024-05-16 16:01:46,850 - log -INFO - Actua OrangeHrm Add Employe page employe Meddle name isHello03
2024-05-16 16:01:46,898 - log -INFO - Actua OrangeHrm Add Employe page employe last name is - Chello03
2024-05-16 16:01:51,988 - log -INFO - Actual OrangrHrm Add Employe page Employe Id is - 0019
2024-05-16 16:01:52,012 - log -INFO - The Actual FirstName is matched with Expected FirstName- PASS
2024-05-16 16:01:52,014 - log -INFO - The Actual MeddleName is matched with Expected MeddleNameame - PASS
2024-05-16 16:01:52,017 - log -INFO - The Actual LastName is matched with Expected LastName - PASS
2024-05-16 16:01:52,031 - log -INFO - The Actual EmployeId is matched with Expected EmployeId - PASS
2024-05-16 16:01:57,885 - log -INFO -  Expected OrangeHrm Login Page text is -LOGIN Panel
2024-05-16 16:01:57,939 - log -INFO -  Actual Orangehrm Login Page text is - LOGIN Panel
2024-05-16 16:01:57,943 - log -INFO -  Successfully Navigated to the OrangeHRM Application LogIN Page - TEXT Found - PASS 
2024-05-18 22:01:11,523 - log -INFO -  Expected OrangeHrm Login Page text is -LOGIN Panel
2024-05-18 22:01:11,564 - log -INFO -  Actual Orangehrm Login Page text is - LOGIN Panel
2024-05-18 22:01:11,568 - log -INFO -  Successfully Navigated to the OrangeHRM Application LogIN Page - TEXT Found - PASS 
2024-05-18 22:01:11,590 - log -INFO -  Expected OrangeHrm Login Page title is - orangeHRM
2024-05-18 22:01:11,604 - log -INFO -  Actual OrangeHrm Login Page title is -OrangeHRM
2024-05-18 22:01:11,606 - log -INFO -  Failed to Navigate to the OrangeHRM Application LogIN Page - FAIL 
2024-05-18 22:01:11,612 - log -INFO -  The Expected URL address of the OrangeHRM Application LogIN Page is :- orangehrm-4.2.0.1
2024-05-18 22:01:11,624 - log -INFO -  The Actual URL address of the OrangeHRM Application LogIN Page is :- http://127.0.0.1/orangehrm-4.2.0.1/symfony/web/index.php/dashboard
2024-05-18 22:01:11,628 - log -INFO -  Successfully Navigated to the OrangeHRM Application LogIN Page - PASS 
2024-05-18 22:01:17,065 - log -INFO - Actual OrangeHrm Home Page Text - Welcome Admin
2024-05-18 22:01:17,070 - log -INFO - Expected  Home Page text is - Admin
2024-05-18 22:01:17,074 - log -INFO -  Successfully Navigated to the OrangeHRM Application Home Page - PASS 
2024-05-18 22:01:21,372 - log -INFO -  Expected text of Add Employe page is - Full Name
2024-05-18 22:01:21,405 - log -INFO -  Actual text of Add Employe page is - Full Name
2024-05-18 22:01:21,409 - log -INFO -  Successfully Navigated to the OrangeHRM Application ADD Employe Page -TEXT  Found - PASS 
2024-05-18 22:01:21,514 - log -INFO - Expected orangeHRM Add Employe Page Employe First name - Srini01
2024-05-18 22:01:21,612 - log -INFO - Expected orangeHRM Add Employe Page Employe Meddle name - Hello01
2024-05-18 22:01:21,722 - log -INFO - Expected OrangeHrm Add Employe Page Employe Last name - Chello01
2024-05-18 22:01:21,780 - log -INFO - Expected OrangeHrm Add Employe Page Employe  id - 0020
2024-05-18 22:01:24,800 - log -INFO - Expected Personal details page text is - Full Name
2024-05-18 22:01:24,839 - log -INFO - Actual Personal details page Text is - Full Name
2024-05-18 22:01:29,856 - log -INFO - The Actual personal details page Text is matched with Expected personal details page Text- PASS
2024-05-18 22:01:29,911 - log -INFO - Actual OrangeHrm Add Employe First name is - Srini01
2024-05-18 22:01:29,958 - log -INFO - Actua OrangeHrm Add Employe page employe Meddle name isHello01
2024-05-18 22:01:29,988 - log -INFO - Actua OrangeHrm Add Employe page employe last name is - Chello01
2024-05-18 22:01:35,054 - log -INFO - Actual OrangrHrm Add Employe page Employe Id is - 0020
2024-05-18 22:01:35,069 - log -INFO - The Actual FirstName is matched with Expected FirstName- PASS
2024-05-18 22:01:35,072 - log -INFO - The Actual MeddleName is matched with Expected MeddleNameame - PASS
2024-05-18 22:01:35,074 - log -INFO - The Actual LastName is matched with Expected LastName - PASS
2024-05-18 22:01:35,102 - log -INFO - The Actual EmployeId is matched with Expected EmployeId - PASS
2024-05-18 22:01:35,556 - log -INFO -  Expected text of Add Employe page is - Full Name
2024-05-18 22:01:35,582 - log -INFO -  Actual text of Add Employe page is - Full Name
2024-05-18 22:01:35,586 - log -INFO -  Successfully Navigated to the OrangeHRM Application ADD Employe Page -TEXT  Found - PASS 
2024-05-18 22:01:35,662 - log -INFO - Expected orangeHRM Add Employe Page Employe First name - Ram02
2024-05-18 22:01:35,752 - log -INFO - Expected orangeHRM Add Employe Page Employe Meddle name - HEllo02
2024-05-18 22:01:35,847 - log -INFO - Expected OrangeHrm Add Employe Page Employe Last name - Chello02
2024-05-18 22:01:35,880 - log -INFO - Expected OrangeHrm Add Employe Page Employe  id - 0021
2024-05-18 22:01:36,703 - log -INFO - Expected Personal details page text is - Full Name
2024-05-18 22:01:36,745 - log -INFO - Actual Personal details page Text is - Full Name
2024-05-18 22:01:41,749 - log -INFO - The Actual personal details page Text is matched with Expected personal details page Text- PASS
2024-05-18 22:01:41,788 - log -INFO - Actual OrangeHrm Add Employe First name is - Ram02
2024-05-18 22:01:41,821 - log -INFO - Actua OrangeHrm Add Employe page employe Meddle name isHEllo02
2024-05-18 22:01:41,852 - log -INFO - Actua OrangeHrm Add Employe page employe last name is - Chello02
2024-05-18 22:01:46,927 - log -INFO - Actual OrangrHrm Add Employe page Employe Id is - 0021
2024-05-18 22:01:46,942 - log -INFO - The Actual FirstName is matched with Expected FirstName- PASS
2024-05-18 22:01:46,944 - log -INFO - The Actual MeddleName is matched with Expected MeddleNameame - PASS
2024-05-18 22:01:46,946 - log -INFO - The Actual LastName is matched with Expected LastName - PASS
2024-05-18 22:01:46,976 - log -INFO - The Actual EmployeId is matched with Expected EmployeId - PASS
2024-05-18 22:01:47,458 - log -INFO -  Expected text of Add Employe page is - Full Name
2024-05-18 22:01:47,491 - log -INFO -  Actual text of Add Employe page is - Full Name
2024-05-18 22:01:47,493 - log -INFO -  Successfully Navigated to the OrangeHRM Application ADD Employe Page -TEXT  Found - PASS 
2024-05-18 22:01:47,605 - log -INFO - Expected orangeHRM Add Employe Page Employe First name - Raj03
2024-05-18 22:01:47,710 - log -INFO - Expected orangeHRM Add Employe Page Employe Meddle name - Hello03
2024-05-18 22:01:47,794 - log -INFO - Expected OrangeHrm Add Employe Page Employe Last name - Chello03
2024-05-18 22:01:47,826 - log -INFO - Expected OrangeHrm Add Employe Page Employe  id - 0022
2024-05-18 22:01:48,849 - log -INFO - Expected Personal details page text is - Full Name
2024-05-18 22:01:48,889 - log -INFO - Actual Personal details page Text is - Full Name
2024-05-18 22:01:53,900 - log -INFO - The Actual personal details page Text is matched with Expected personal details page Text- PASS
2024-05-18 22:01:53,944 - log -INFO - Actual OrangeHrm Add Employe First name is - Raj03
2024-05-18 22:01:53,989 - log -INFO - Actua OrangeHrm Add Employe page employe Meddle name isHello03
2024-05-18 22:01:54,022 - log -INFO - Actua OrangeHrm Add Employe page employe last name is - Chello03
2024-05-18 22:01:59,086 - log -INFO - Actual OrangrHrm Add Employe page Employe Id is - 0022
2024-05-18 22:01:59,102 - log -INFO - The Actual FirstName is matched with Expected FirstName- PASS
2024-05-18 22:01:59,104 - log -INFO - The Actual MeddleName is matched with Expected MeddleNameame - PASS
2024-05-18 22:01:59,105 - log -INFO - The Actual LastName is matched with Expected LastName - PASS
2024-05-18 22:01:59,119 - log -INFO - The Actual EmployeId is matched with Expected EmployeId - PASS
2024-05-18 22:02:04,687 - log -INFO -  Expected OrangeHrm Login Page text is -LOGIN Panel
2024-05-18 22:02:04,711 - log -INFO -  Actual Orangehrm Login Page text is - LOGIN Panel
2024-05-18 22:02:04,713 - log -INFO -  Successfully Navigated to the OrangeHRM Application LogIN Page - TEXT Found - PASS 
